# JRE version: OpenJDK Runtime Environment (8.0_402-b06) (build 1.8.0_402-b06)
# Java VM: OpenJDK 64-Bit Server VM (25.402-b06 mixed mode windows-amd64 compressed oops)
Heap:
 PSYoungGen      total 71680K, used 5293K [0x00000000d5c00000, 0x00000000dfd00000, 0x0000000100000000)
  eden space 66560K, 7% used [0x00000000d5c00000,0x00000000d612b640,0x00000000d9d00000)
  from space 5120K, 0% used [0x00000000d9d00000,0x00000000d9d00000,0x00000000da200000)
  to   space 15872K, 0% used [0x00000000ded80000,0x00000000ded80000,0x00000000dfd00000)
 ParOldGen       total 83456K, used 20445K [0x0000000081400000, 0x0000000086580000, 0x00000000d5c00000)
  object space 83456K, 24% used [0x0000000081400000,0x00000000827f7668,0x0000000086580000)
 Metaspace       used 21728K, capacity 21972K, committed 22144K, reserved 1069056K
  class space    used 2753K, capacity 2856K, committed 2944K, reserved 1048576K
GC Heap History (10 events):
Event: 0.511 GC heap before
{Heap before GC invocations=2 (full 0):
 PSYoungGen      total 38400K, used 38376K [0x00000000d5c00000, 0x00000000d8680000, 0x0000000100000000)
  eden space 33280K, 100% used [0x00000000d5c00000,0x00000000d7c80000,0x00000000d7c80000)
  from space 5120K, 99% used [0x00000000d7c80000,0x00000000d817a020,0x00000000d8180000)
  to   space 5120K, 0% used [0x00000000d8180000,0x00000000d8180000,0x00000000d8680000)
 ParOldGen       total 87552K, used 1097K [0x0000000081400000, 0x0000000086980000, 0x00000000d5c00000)
  object space 87552K, 1% used [0x0000000081400000,0x0000000081512780,0x0000000086980000)
 Metaspace       used 10013K, capacity 10192K, committed 10368K, reserved 1058816K
  class space    used 1195K, capacity 1288K, committed 1408K, reserved 1048576K
Event: 0.517 GC heap after
Heap after GC invocations=2 (full 0):
 PSYoungGen      total 38400K, used 5093K [0x00000000d5c00000, 0x00000000da700000, 0x0000000100000000)
  eden space 33280K, 0% used [0x00000000d5c00000,0x00000000d5c00000,0x00000000d7c80000)
  from space 5120K, 99% used [0x00000000d8180000,0x00000000d8679630,0x00000000d8680000)
  to   space 5120K, 0% used [0x00000000d7c80000,0x00000000d7c80000,0x00000000d8180000)
 ParOldGen       total 87552K, used 11514K [0x0000000081400000, 0x0000000086980000, 0x00000000d5c00000)
  object space 87552K, 13% used [0x0000000081400000,0x0000000081f3e9b8,0x0000000086980000)
 Metaspace       used 10013K, capacity 10192K, committed 10368K, reserved 1058816K
  class space    used 1195K, capacity 1288K, committed 1408K, reserved 1048576K
}
Event: 0.756 GC heap before
{Heap before GC invocations=3 (full 0):
 PSYoungGen      total 38400K, used 38373K [0x00000000d5c00000, 0x00000000da700000, 0x0000000100000000)
  eden space 33280K, 100% used [0x00000000d5c00000,0x00000000d7c80000,0x00000000d7c80000)
  from space 5120K, 99% used [0x00000000d8180000,0x00000000d8679630,0x00000000d8680000)
  to   space 5120K, 0% used [0x00000000d7c80000,0x00000000d7c80000,0x00000000d8180000)
 ParOldGen       total 87552K, used 11514K [0x0000000081400000, 0x0000000086980000, 0x00000000d5c00000)
  object space 87552K, 13% used [0x0000000081400000,0x0000000081f3e9b8,0x0000000086980000)
 Metaspace       used 13651K, capacity 13908K, committed 14080K, reserved 1060864K
  class space    used 1698K, capacity 1774K, committed 1792K, reserved 1048576K
Event: 0.761 GC heap after
Heap after GC invocations=3 (full 0):
 PSYoungGen      total 38400K, used 5114K [0x00000000d5c00000, 0x00000000da700000, 0x0000000100000000)
  eden space 33280K, 0% used [0x00000000d5c00000,0x00000000d5c00000,0x00000000d7c80000)
  from space 5120K, 99% used [0x00000000d7c80000,0x00000000d817e8e0,0x00000000d8180000)
  to   space 5120K, 0% used [0x00000000da200000,0x00000000da200000,0x00000000da700000)
 ParOldGen       total 87552K, used 18474K [0x0000000081400000, 0x0000000086980000, 0x00000000d5c00000)
  object space 87552K, 21% used [0x0000000081400000,0x000000008260aa10,0x0000000086980000)
 Metaspace       used 13651K, capacity 13908K, committed 14080K, reserved 1060864K
  class space    used 1698K, capacity 1774K, committed 1792K, reserved 1048576K
}
Event: 1.095 GC heap before
{Heap before GC invocations=4 (full 0):
 PSYoungGen      total 38400K, used 38394K [0x00000000d5c00000, 0x00000000da700000, 0x0000000100000000)
  eden space 33280K, 100% used [0x00000000d5c00000,0x00000000d7c80000,0x00000000d7c80000)
  from space 5120K, 99% used [0x00000000d7c80000,0x00000000d817e8e0,0x00000000d8180000)
  to   space 5120K, 0% used [0x00000000da200000,0x00000000da200000,0x00000000da700000)
 ParOldGen       total 87552K, used 18474K [0x0000000081400000, 0x0000000086980000, 0x00000000d5c00000)
  object space 87552K, 21% used [0x0000000081400000,0x000000008260aa10,0x0000000086980000)
 Metaspace       used 18365K, capacity 18648K, committed 18944K, reserved 1064960K
  class space    used 2357K, capacity 2452K, committed 2560K, reserved 1048576K
Event: 1.101 GC heap after
Heap after GC invocations=4 (full 0):
 PSYoungGen      total 71680K, used 5114K [0x00000000d5c00000, 0x00000000da700000, 0x0000000100000000)
  eden space 66560K, 0% used [0x00000000d5c00000,0x00000000d5c00000,0x00000000d9d00000)
  from space 5120K, 99% used [0x00000000da200000,0x00000000da6fe8e0,0x00000000da700000)
  to   space 5120K, 0% used [0x00000000d9d00000,0x00000000d9d00000,0x00000000da200000)
 ParOldGen       total 87552K, used 25339K [0x0000000081400000, 0x0000000086980000, 0x00000000d5c00000)
  object space 87552K, 28% used [0x0000000081400000,0x0000000082cbee90,0x0000000086980000)
 Metaspace       used 18365K, capacity 18648K, committed 18944K, reserved 1064960K
  class space    used 2357K, capacity 2452K, committed 2560K, reserved 1048576K
}
Event: 1.514 GC heap before
{Heap before GC invocations=5 (full 0):
 PSYoungGen      total 71680K, used 40511K [0x00000000d5c00000, 0x00000000da700000, 0x0000000100000000)
  eden space 66560K, 53% used [0x00000000d5c00000,0x00000000d7e914a0,0x00000000d9d00000)
  from space 5120K, 99% used [0x00000000da200000,0x00000000da6fe8e0,0x00000000da700000)
  to   space 5120K, 0% used [0x00000000d9d00000,0x00000000d9d00000,0x00000000da200000)
 ParOldGen       total 87552K, used 25339K [0x0000000081400000, 0x0000000086980000, 0x00000000d5c00000)
  object space 87552K, 28% used [0x0000000081400000,0x0000000082cbee90,0x0000000086980000)
 Metaspace       used 20879K, capacity 21076K, committed 21248K, reserved 1067008K
  class space    used 2651K, capacity 2728K, committed 2816K, reserved 1048576K
Event: 1.521 GC heap after
Heap after GC invocations=5 (full 0):
 PSYoungGen      total 71680K, used 5099K [0x00000000d5c00000, 0x00000000dfd00000, 0x0000000100000000)
  eden space 66560K, 0% used [0x00000000d5c00000,0x00000000d5c00000,0x00000000d9d00000)
  from space 5120K, 99% used [0x00000000d9d00000,0x00000000da1facb0,0x00000000da200000)
  to   space 15872K, 0% used [0x00000000ded80000,0x00000000ded80000,0x00000000dfd00000)
 ParOldGen       total 87552K, used 28992K [0x0000000081400000, 0x0000000086980000, 0x00000000d5c00000)
  object space 87552K, 33% used [0x0000000081400000,0x0000000083050118,0x0000000086980000)
 Metaspace       used 20879K, capacity 21076K, committed 21248K, reserved 1067008K
  class space    used 2651K, capacity 2728K, committed 2816K, reserved 1048576K
}
Event: 1.521 GC heap before
{Heap before GC invocations=6 (full 1):
 PSYoungGen      total 71680K, used 5099K [0x00000000d5c00000, 0x00000000dfd00000, 0x0000000100000000)
  eden space 66560K, 0% used [0x00000000d5c00000,0x00000000d5c00000,0x00000000d9d00000)
  from space 5120K, 99% used [0x00000000d9d00000,0x00000000da1facb0,0x00000000da200000)
  to   space 15872K, 0% used [0x00000000ded80000,0x00000000ded80000,0x00000000dfd00000)
 ParOldGen       total 87552K, used 28992K [0x0000000081400000, 0x0000000086980000, 0x00000000d5c00000)
  object space 87552K, 33% used [0x0000000081400000,0x0000000083050118,0x0000000086980000)
 Metaspace       used 20879K, capacity 21076K, committed 21248K, reserved 1067008K
  class space    used 2651K, capacity 2728K, committed 2816K, reserved 1048576K
Event: 1.559 GC heap after
Heap after GC invocations=6 (full 1):
 PSYoungGen      total 71680K, used 0K [0x00000000d5c00000, 0x00000000dfd00000, 0x0000000100000000)
  eden space 66560K, 0% used [0x00000000d5c00000,0x00000000d5c00000,0x00000000d9d00000)
  from space 5120K, 0% used [0x00000000d9d00000,0x00000000d9d00000,0x00000000da200000)
  to   space 15872K, 0% used [0x00000000ded80000,0x00000000ded80000,0x00000000dfd00000)
 ParOldGen       total 83456K, used 20445K [0x0000000081400000, 0x0000000086580000, 0x00000000d5c00000)
  object space 83456K, 24% used [0x0000000081400000,0x00000000827f7668,0x0000000086580000)
 Metaspace       used 20879K, capacity 21076K, committed 21248K, reserved 1067008K
  class space    used 2651K, capacity 2728K, committed 2816K, reserved 1048576K
}

